2026-04-30 23:29:09 0 [Note] Starting MariaDB 10.6.14-MariaDB source revision c93754d45e5d9379e3e23d7ada1d5f21d2711f66 as process 9748
2026-04-30 23:29:09 0 [Note] InnoDB: The first data file './ibdata1' did not exist. A new tablespace will be created!
2026-04-30 23:29:09 0 [Note] InnoDB: Compressed tables use zlib 1.2.13
2026-04-30 23:29:09 0 [Note] InnoDB: Number of pools: 1
2026-04-30 23:29:09 0 [Note] InnoDB: Using crc32 + pclmulqdq instructions
2026-04-30 23:29:09 0 [Note] InnoDB: Initializing buffer pool, total size = 20971520, chunk size = 20971520
2026-04-30 23:29:09 0 [Note] InnoDB: Completed initialization of buffer pool
2026-04-30 23:29:09 0 [Note] InnoDB: Setting file './ibdata1' size to 12 MB. Physically writing the file full; Please wait ...
2026-04-30 23:29:09 0 [Note] InnoDB: File './ibdata1' size is now 12 MB.
2026-04-30 23:29:09 0 [Note] InnoDB: Setting log file ./ib_logfile101 size to 100663296 bytes
2026-04-30 23:29:09 0 [Note] InnoDB: Renaming log file ./ib_logfile101 to ./ib_logfile0
2026-04-30 23:29:09 0 [Note] InnoDB: New log file created, LSN=10313
2026-04-30 23:29:09 0 [Note] InnoDB: Doublewrite buffer not found: creating new
2026-04-30 23:29:09 0 [Note] InnoDB: Doublewrite buffer created
2026-04-30 23:29:09 0 [Note] InnoDB: 128 rollback segments are active.
2026-04-30 23:29:09 0 [Note] InnoDB: Creating shared tablespace for temporary tables
2026-04-30 23:29:09 0 [Note] InnoDB: Setting file './ibtmp1' size to 12 MB. Physically writing the file full; Please wait ...
2026-04-30 23:29:09 0 [Note] InnoDB: File './ibtmp1' size is now 12 MB.
2026-04-30 23:29:09 0 [Note] InnoDB: 10.6.14 started; log sequence number 0; transaction id 3
2026-04-30 23:29:09 0 [Note] Plugin 'FEEDBACK' is disabled.
2026-05-01 16:56:40 0 [Note] Starting MariaDB 10.6.14-MariaDB source revision c93754d45e5d9379e3e23d7ada1d5f21d2711f66 as process 46564
2026-05-01 16:56:40 0 [Note] InnoDB: Compressed tables use zlib 1.2.13
2026-05-01 16:56:40 0 [Note] InnoDB: Number of pools: 1
2026-05-01 16:56:40 0 [Note] InnoDB: Using crc32 + pclmulqdq instructions
2026-05-01 16:56:40 0 [Note] InnoDB: Initializing buffer pool, total size = 134217728, chunk size = 134217728
2026-05-01 16:56:40 0 [Note] InnoDB: Completed initialization of buffer pool
2026-05-01 16:56:40 0 [Note] InnoDB: Starting crash recovery from checkpoint LSN=42120,42120
2026-05-01 16:56:40 0 [Note] InnoDB: Starting final batch to recover 76 pages from redo log.
2026-05-01 16:56:40 0 [Note] InnoDB: 128 rollback segments are active.
2026-05-01 16:56:40 0 [Note] InnoDB: Removed temporary tablespace data file: "./ibtmp1"
2026-05-01 16:56:40 0 [Note] InnoDB: Creating shared tablespace for temporary tables
2026-05-01 16:56:40 0 [Note] InnoDB: Setting file './ibtmp1' size to 12 MB. Physically writing the file full; Please wait ...
2026-05-01 16:56:40 0 [Note] InnoDB: File './ibtmp1' size is now 12 MB.
2026-05-01 16:56:41 0 [Note] InnoDB: 10.6.14 started; log sequence number 115014; transaction id 121
2026-05-01 16:56:41 0 [Note] Plugin 'FEEDBACK' is disabled.
2026-05-01 16:56:41 0 [Note] InnoDB: Loading buffer pool(s) from C:\Users\gauth\Online Voting Sytem\mariadb\mariadb-10.6.14-winx64\data\ib_buffer_pool
2026-05-01 16:56:41 0 [Note] InnoDB: Buffer pool(s) load completed at 260501 16:56:41
2026-05-01 16:56:41 0 [Note] Server socket created on IP: '::'.
2026-05-01 16:56:41 0 [Note] Server socket created on IP: '0.0.0.0'.
2026-05-01 16:56:41 0 [Note] C:\Users\gauth\Online Voting Sytem\mariadb\mariadb-10.6.14-winx64\bin\mysqld.exe: ready for connections.
Version: '10.6.14-MariaDB'  socket: ''  port: 3306  mariadb.org binary distribution
2026-05-01 16:59:02 12 [Warning] Aborted connection 12 to db: 'online_voting' user: 'root' host: 'localhost' (Got an error reading communication packets)
2026-05-01 16:59:02 7 [Warning] Aborted connection 7 to db: 'online_voting' user: 'root' host: 'localhost' (Got an error reading communication packets)
2026-05-01 16:59:02 11 [Warning] Aborted connection 11 to db: 'online_voting' user: 'root' host: 'localhost' (Got an error reading communication packets)
2026-05-01 16:59:02 6 [Warning] Aborted connection 6 to db: 'online_voting' user: 'root' host: 'localhost' (Got an error reading communication packets)
2026-05-01 16:59:02 5 [Warning] Aborted connection 5 to db: 'online_voting' user: 'root' host: 'localhost' (Got an error reading communication packets)
2026-05-01 16:59:02 10 [Warning] Aborted connection 10 to db: 'online_voting' user: 'root' host: 'localhost' (Got an error reading communication packets)
2026-05-01 16:59:02 3 [Warning] Aborted connection 3 to db: 'online_voting' user: 'root' host: 'localhost' (Got an error reading communication packets)
2026-05-01 16:59:02 4 [Warning] Aborted connection 4 to db: 'online_voting' user: 'root' host: 'localhost' (Got an error reading communication packets)
2026-05-01 16:59:02 9 [Warning] Aborted connection 9 to db: 'online_voting' user: 'root' host: 'localhost' (Got an error reading communication packets)
2026-05-01 16:59:02 8 [Warning] Aborted connection 8 to db: 'online_voting' user: 'root' host: 'localhost' (Got an error reading communication packets)
2026-05-01 18:51:51 0 [Note] console_event_handler: received CTRL_CLOSE_EVENT event, terminating
2026-05-05 10:15:26 0 [Note] Starting MariaDB 10.6.14-MariaDB source revision c93754d45e5d9379e3e23d7ada1d5f21d2711f66 as process 7364
2026-05-05 10:15:26 0 [Note] InnoDB: Compressed tables use zlib 1.2.13
2026-05-05 10:15:26 0 [Note] InnoDB: Number of pools: 1
2026-05-05 10:15:26 0 [Note] InnoDB: Using crc32 + pclmulqdq instructions
2026-05-05 10:15:26 0 [Note] InnoDB: Initializing buffer pool, total size = 134217728, chunk size = 134217728
2026-05-05 10:15:26 0 [Note] InnoDB: Completed initialization of buffer pool
2026-05-05 10:15:26 0 [Note] InnoDB: Starting crash recovery from checkpoint LSN=42120,42120
2026-05-05 10:15:26 0 [Note] InnoDB: Starting final batch to recover 76 pages from redo log.
2026-05-05 10:15:26 0 [Note] InnoDB: 128 rollback segments are active.
2026-05-05 10:15:26 0 [Note] InnoDB: Removed temporary tablespace data file: "./ibtmp1"
2026-05-05 10:15:26 0 [Note] InnoDB: Creating shared tablespace for temporary tables
2026-05-05 10:15:26 0 [Note] InnoDB: Setting file './ibtmp1' size to 12 MB. Physically writing the file full; Please wait ...
2026-05-05 10:15:26 0 [Note] InnoDB: File './ibtmp1' size is now 12 MB.
2026-05-05 10:15:26 0 [Note] InnoDB: 10.6.14 started; log sequence number 159867; transaction id 166
2026-05-05 10:15:26 0 [Note] Plugin 'FEEDBACK' is disabled.
2026-05-05 10:15:26 0 [Note] InnoDB: Loading buffer pool(s) from C:\Users\gauth\Online Voting Sytem\mariadb\mariadb-10.6.14-winx64\data\ib_buffer_pool
2026-05-05 10:15:26 0 [Note] InnoDB: Buffer pool(s) load completed at 260505 10:15:26
2026-05-05 10:15:26 0 [Note] Server socket created on IP: '::'.
2026-05-05 10:15:26 0 [Note] Server socket created on IP: '0.0.0.0'.
2026-05-05 10:15:26 0 [Note] C:\Users\gauth\Online Voting Sytem\mariadb\mariadb-10.6.14-winx64\bin\mysqld.exe: ready for connections.
Version: '10.6.14-MariaDB'  socket: ''  port: 3306  mariadb.org binary distribution
2026-05-05 10:22:21 10 [Warning] Aborted connection 10 to db: 'online_voting' user: 'root' host: 'localhost' (Got an error reading communication packets)
2026-05-05 10:22:21 8 [Warning] Aborted connection 8 to db: 'online_voting' user: 'root' host: 'localhost' (Got an error reading communication packets)
2026-05-05 10:22:21 7 [Warning] Aborted connection 7 to db: 'online_voting' user: 'root' host: 'localhost' (Got an error reading communication packets)
2026-05-05 10:22:21 6 [Warning] Aborted connection 6 to db: 'online_voting' user: 'root' host: 'localhost' (Got an error reading communication packets)
2026-05-05 10:22:21 3 [Warning] Aborted connection 3 to db: 'online_voting' user: 'root' host: 'localhost' (Got an error reading communication packets)
2026-05-05 10:22:21 12 [Warning] Aborted connection 12 to db: 'online_voting' user: 'root' host: 'localhost' (Got an error reading communication packets)
2026-05-05 10:22:21 11 [Warning] Aborted connection 11 to db: 'online_voting' user: 'root' host: 'localhost' (Got an error reading communication packets)
2026-05-05 10:22:21 9 [Warning] Aborted connection 9 to db: 'online_voting' user: 'root' host: 'localhost' (Got an error reading communication packets)
2026-05-05 10:22:21 4 [Warning] Aborted connection 4 to db: 'online_voting' user: 'root' host: 'localhost' (Got an error reading communication packets)
2026-05-05 10:22:21 5 [Warning] Aborted connection 5 to db: 'online_voting' user: 'root' host: 'localhost' (Got an error reading communication packets)
2026-05-05 10:25:43 22 [Warning] Aborted connection 22 to db: 'online_voting' user: 'root' host: 'localhost' (Got an error reading communication packets)
2026-05-05 10:25:43 21 [Warning] Aborted connection 21 to db: 'online_voting' user: 'root' host: 'localhost' (Got an error reading communication packets)
2026-05-05 10:25:43 17 [Warning] Aborted connection 17 to db: 'online_voting' user: 'root' host: 'localhost' (Got an error reading communication packets)
2026-05-05 10:25:43 19 [Warning] Aborted connection 19 to db: 'online_voting' user: 'root' host: 'localhost' (Got an error reading communication packets)
2026-05-05 10:25:43 18 [Warning] Aborted connection 18 to db: 'online_voting' user: 'root' host: 'localhost' (Got an error reading communication packets)
2026-05-05 10:25:43 20 [Warning] Aborted connection 20 to db: 'online_voting' user: 'root' host: 'localhost' (Got an error reading communication packets)
2026-05-05 10:25:43 16 [Warning] Aborted connection 16 to db: 'online_voting' user: 'root' host: 'localhost' (Got an error reading communication packets)
2026-05-05 10:25:43 13 [Warning] Aborted connection 13 to db: 'online_voting' user: 'root' host: 'localhost' (Got an error reading communication packets)
2026-05-05 10:25:43 14 [Warning] Aborted connection 14 to db: 'online_voting' user: 'root' host: 'localhost' (Got an error reading communication packets)
2026-05-05 10:25:43 15 [Warning] Aborted connection 15 to db: 'online_voting' user: 'root' host: 'localhost' (Got an error reading communication packets)
2026-05-05 10:37:21 23 [Warning] Aborted connection 23 to db: 'online_voting' user: 'root' host: 'localhost' (Got an error reading communication packets)
2026-05-05 10:37:28 0 [Note] console_event_handler: received CTRL_C_EVENT event, shutting down
2026-05-05 10:37:28 0 [Note] C:\Users\gauth\Online Voting Sytem\mariadb\mariadb-10.6.14-winx64\bin\mysqld.exe (initiated by: unknown): Normal shutdown
2026-05-05 10:37:28 0 [Note] InnoDB: FTS optimize thread exiting.
2026-05-05 10:37:28 0 [Note] InnoDB: Starting shutdown...
2026-05-05 10:37:28 0 [Note] InnoDB: Dumping buffer pool(s) to C:\Users\gauth\Online Voting Sytem\mariadb\mariadb-10.6.14-winx64\data\ib_buffer_pool
2026-05-05 10:37:28 0 [Note] InnoDB: Buffer pool(s) dump completed at 260505 10:37:28
2026-05-05 10:37:29 0 [Note] InnoDB: Removed temporary tablespace data file: "./ibtmp1"
2026-05-05 10:37:29 0 [Note] InnoDB: Shutdown completed; log sequence number 160403; transaction id 172
2026-05-05 10:37:29 0 [Note] C:\Users\gauth\Online Voting Sytem\mariadb\mariadb-10.6.14-winx64\bin\mysqld.exe: Shutdown complete

2026-05-05 10:37:39 0 [Note] Starting MariaDB 10.6.14-MariaDB source revision c93754d45e5d9379e3e23d7ada1d5f21d2711f66 as process 35156
2026-05-05 10:37:39 0 [Note] InnoDB: Compressed tables use zlib 1.2.13
2026-05-05 10:37:39 0 [Note] InnoDB: Number of pools: 1
2026-05-05 10:37:39 0 [Note] InnoDB: Using crc32 + pclmulqdq instructions
2026-05-05 10:37:39 0 [Note] InnoDB: Initializing buffer pool, total size = 134217728, chunk size = 134217728
2026-05-05 10:37:39 0 [Note] InnoDB: Completed initialization of buffer pool
2026-05-05 10:37:40 0 [Note] InnoDB: 128 rollback segments are active.
2026-05-05 10:37:40 0 [Note] InnoDB: Creating shared tablespace for temporary tables
2026-05-05 10:37:40 0 [Note] InnoDB: Setting file './ibtmp1' size to 12 MB. Physically writing the file full; Please wait ...
2026-05-05 10:37:40 0 [Note] InnoDB: File './ibtmp1' size is now 12 MB.
2026-05-05 10:37:40 0 [Note] InnoDB: 10.6.14 started; log sequence number 160403; transaction id 166
2026-05-05 10:37:40 0 [Note] Plugin 'FEEDBACK' is disabled.
2026-05-05 10:37:40 0 [Note] InnoDB: Loading buffer pool(s) from C:\Users\gauth\Online Voting Sytem\mariadb\mariadb-10.6.14-winx64\data\ib_buffer_pool
2026-05-05 10:37:40 0 [Note] Server socket created on IP: '::'.
2026-05-05 10:37:40 0 [Note] Server socket created on IP: '0.0.0.0'.
2026-05-05 10:37:40 0 [Note] InnoDB: Buffer pool(s) load completed at 260505 10:37:40
2026-05-05 10:37:40 0 [Note] C:\Users\gauth\Online Voting Sytem\mariadb\mariadb-10.6.14-winx64\bin\mysqld.exe: ready for connections.
Version: '10.6.14-MariaDB'  socket: ''  port: 3306  mariadb.org binary distribution
2026-05-05 10:37:51 3 [Warning] Aborted connection 3 to db: 'online_voting' user: 'root' host: 'localhost' (Got an error reading communication packets)
2026-05-05 10:40:48 5 [Warning] Aborted connection 5 to db: 'online_voting' user: 'root' host: 'localhost' (Got an error reading communication packets)
2026-05-05 10:40:52 0 [Note] console_event_handler: received CTRL_C_EVENT event, shutting down
2026-05-05 10:40:52 0 [Note] C:\Users\gauth\Online Voting Sytem\mariadb\mariadb-10.6.14-winx64\bin\mysqld.exe (initiated by: unknown): Normal shutdown
2026-05-05 10:40:52 0 [Note] InnoDB: FTS optimize thread exiting.
2026-05-05 10:40:52 0 [Note] InnoDB: Starting shutdown...
2026-05-05 10:40:52 0 [Note] InnoDB: Dumping buffer pool(s) to C:\Users\gauth\Online Voting Sytem\mariadb\mariadb-10.6.14-winx64\data\ib_buffer_pool
2026-05-05 10:40:52 0 [Note] InnoDB: Buffer pool(s) dump completed at 260505 10:40:52
2026-05-05 10:40:53 0 [Note] InnoDB: Removed temporary tablespace data file: "./ibtmp1"
2026-05-05 10:40:53 0 [Note] InnoDB: Shutdown completed; log sequence number 162279; transaction id 169
2026-05-05 10:40:53 0 [Note] C:\Users\gauth\Online Voting Sytem\mariadb\mariadb-10.6.14-winx64\bin\mysqld.exe: Shutdown complete

2026-05-05 10:43:50 0 [Note] Starting MariaDB 10.6.14-MariaDB source revision c93754d45e5d9379e3e23d7ada1d5f21d2711f66 as process 26068
2026-05-05 10:43:50 0 [Note] InnoDB: Compressed tables use zlib 1.2.13
2026-05-05 10:43:50 0 [Note] InnoDB: Number of pools: 1
2026-05-05 10:43:50 0 [Note] InnoDB: Using crc32 + pclmulqdq instructions
2026-05-05 10:43:50 0 [Note] InnoDB: Initializing buffer pool, total size = 134217728, chunk size = 134217728
2026-05-05 10:43:50 0 [Note] InnoDB: Completed initialization of buffer pool
2026-05-05 10:43:50 0 [Note] InnoDB: 128 rollback segments are active.
2026-05-05 10:43:50 0 [Note] InnoDB: Creating shared tablespace for temporary tables
2026-05-05 10:43:50 0 [Note] InnoDB: Setting file './ibtmp1' size to 12 MB. Physically writing the file full; Please wait ...
2026-05-05 10:43:50 0 [Note] InnoDB: File './ibtmp1' size is now 12 MB.
2026-05-05 10:43:50 0 [Note] InnoDB: 10.6.14 started; log sequence number 162279; transaction id 170
2026-05-05 10:43:50 0 [Note] Plugin 'FEEDBACK' is disabled.
2026-05-05 10:43:50 0 [Note] InnoDB: Loading buffer pool(s) from C:\Users\gauth\Online Voting Sytem\mariadb\mariadb-10.6.14-winx64\data\ib_buffer_pool
2026-05-05 10:43:50 0 [Note] Server socket created on IP: '::'.
2026-05-05 10:43:50 0 [Note] Server socket created on IP: '0.0.0.0'.
2026-05-05 10:43:50 0 [Note] InnoDB: Buffer pool(s) load completed at 260505 10:43:50
2026-05-05 10:43:50 0 [Note] C:\Users\gauth\Online Voting Sytem\mariadb\mariadb-10.6.14-winx64\bin\mysqld.exe: ready for connections.
Version: '10.6.14-MariaDB'  socket: ''  port: 3306  mariadb.org binary distribution
2026-05-05 10:43:58 4 [Warning] Aborted connection 4 to db: 'online_voting' user: 'root' host: 'localhost' (Got an error reading communication packets)
2026-05-05 10:44:33 0 [Note] console_event_handler: received CTRL_C_EVENT event, shutting down
2026-05-05 10:44:33 0 [Note] C:\Users\gauth\Online Voting Sytem\mariadb\mariadb-10.6.14-winx64\bin\mysqld.exe (initiated by: unknown): Normal shutdown
2026-05-05 10:44:33 0 [Note] InnoDB: FTS optimize thread exiting.
2026-05-05 10:44:33 0 [Note] InnoDB: Starting shutdown...
2026-05-05 10:44:33 0 [Note] InnoDB: Dumping buffer pool(s) to C:\Users\gauth\Online Voting Sytem\mariadb\mariadb-10.6.14-winx64\data\ib_buffer_pool
2026-05-05 10:44:33 0 [Note] InnoDB: Buffer pool(s) dump completed at 260505 10:44:33
2026-05-05 10:44:34 0 [Note] InnoDB: Removed temporary tablespace data file: "./ibtmp1"
2026-05-05 10:44:34 0 [Note] InnoDB: Shutdown completed; log sequence number 164072; transaction id 173
2026-05-05 10:44:34 0 [Note] C:\Users\gauth\Online Voting Sytem\mariadb\mariadb-10.6.14-winx64\bin\mysqld.exe: Shutdown complete

2026-05-05 10:45:12 0 [Note] Starting MariaDB 10.6.14-MariaDB source revision c93754d45e5d9379e3e23d7ada1d5f21d2711f66 as process 46096
2026-05-05 10:45:12 0 [Note] InnoDB: Compressed tables use zlib 1.2.13
2026-05-05 10:45:12 0 [Note] InnoDB: Number of pools: 1
2026-05-05 10:45:12 0 [Note] InnoDB: Using crc32 + pclmulqdq instructions
2026-05-05 10:45:12 0 [Note] InnoDB: Initializing buffer pool, total size = 134217728, chunk size = 134217728
2026-05-05 10:45:12 0 [Note] InnoDB: Completed initialization of buffer pool
2026-05-05 10:45:12 0 [Note] InnoDB: 128 rollback segments are active.
2026-05-05 10:45:12 0 [Note] InnoDB: Creating shared tablespace for temporary tables
2026-05-05 10:45:12 0 [Note] InnoDB: Setting file './ibtmp1' size to 12 MB. Physically writing the file full; Please wait ...
2026-05-05 10:45:12 0 [Note] InnoDB: File './ibtmp1' size is now 12 MB.
2026-05-05 10:45:12 0 [Note] InnoDB: 10.6.14 started; log sequence number 164072; transaction id 174
2026-05-05 10:45:12 0 [Note] Plugin 'FEEDBACK' is disabled.
2026-05-05 10:45:12 0 [Note] InnoDB: Loading buffer pool(s) from C:\Users\gauth\Online Voting Sytem\mariadb\mariadb-10.6.14-winx64\data\ib_buffer_pool
2026-05-05 10:45:12 0 [Note] Server socket created on IP: '::'.
2026-05-05 10:45:12 0 [Note] Server socket created on IP: '0.0.0.0'.
2026-05-05 10:45:12 0 [Note] InnoDB: Buffer pool(s) load completed at 260505 10:45:12
2026-05-05 10:45:12 0 [Note] C:\Users\gauth\Online Voting Sytem\mariadb\mariadb-10.6.14-winx64\bin\mysqld.exe: ready for connections.
Version: '10.6.14-MariaDB'  socket: ''  port: 3306  mariadb.org binary distribution
2026-05-05 10:45:54 5 [Warning] Aborted connection 5 to db: 'online_voting' user: 'root' host: 'localhost' (Got an error reading communication packets)
2026-05-05 10:46:02 7 [Warning] Aborted connection 7 to db: 'online_voting' user: 'root' host: 'localhost' (Got an error reading communication packets)
2026-05-05 10:46:15 9 [Warning] Aborted connection 9 to db: 'online_voting' user: 'root' host: 'localhost' (Got an error reading communication packets)
2026-05-05 10:46:28 11 [Warning] Aborted connection 11 to db: 'online_voting' user: 'root' host: 'localhost' (Got an error reading communication packets)
2026-05-05 10:46:42 13 [Warning] Aborted connection 13 to db: 'online_voting' user: 'root' host: 'localhost' (Got an error reading communication packets)
2026-05-05 10:46:58 15 [Warning] Aborted connection 15 to db: 'online_voting' user: 'root' host: 'localhost' (Got an error reading communication packets)
2026-05-05 10:47:31 17 [Warning] Aborted connection 17 to db: 'online_voting' user: 'root' host: 'localhost' (Got an error reading communication packets)
2026-05-05 10:50:09 19 [Warning] Aborted connection 19 to db: 'online_voting' user: 'root' host: 'localhost' (Got an error reading communication packets)
2026-05-05 14:11:34 21 [Warning] Aborted connection 21 to db: 'online_voting' user: 'root' host: 'localhost' (Got an error reading communication packets)
2026-05-05 16:07:28 23 [Warning] Aborted connection 23 to db: 'online_voting' user: 'root' host: 'localhost' (Got an error reading communication packets)
